This file contains any messages produced by compilers while
running configure, to aid debugging if configure makes a mistake.

It was created by sereneplayer configure 3.20.0, which was
generated by GNU Autoconf 2.69.  Invocation command line was

  $ /home/caesarhao/rpmbuild/SOURCES/sereneplayer/configure --enable-maintainer-mode CFLAGS=-g -O0 CXXFLAGS=-g -O0 JFLAGS=-g -O0 FFLAGS=-g -O0

## --------- ##
## Platform. ##
## --------- ##

hostname = JunglePC
uname -m = x86_64
uname -r = 4.6.4-301.fc24.x86_64
uname -s = Linux
uname -v = #1 SMP Tue Jul 12 11:50:00 UTC 2016

/usr/bin/uname -p = x86_64
/bin/uname -X     = unknown

/bin/arch              = x86_64
/usr/bin/arch -k       = unknown
/usr/convex/getsysinfo = unknown
/usr/bin/hostinfo      = unknown
/bin/machine           = unknown
/usr/bin/oslevel       = unknown
/bin/universe          = unknown

PATH: /usr/lib64/ccache
PATH: /usr/local/bin
PATH: /usr/local/sbin
PATH: /usr/bin
PATH: /usr/sbin
PATH: /opt/arm-cortex_a9-linux-gnueabihf/bin
PATH: /usr/local/heroku//bin
PATH: /home/caesarhao/quex/quex-0.65.10/
PATH: /home/caesarhao/.local/bin
PATH: /home/caesarhao/bin
PATH: /home/caesarhao/quex/quex-0.65.10/


## ----------- ##
## Core tests. ##
## ----------- ##

configure:2328: checking for a BSD-compatible install
configure:2396: result: /usr/bin/install -c
configure:2407: checking whether build environment is sane
configure:2462: result: yes
configure:2613: checking for a thread-safe mkdir -p
configure:2652: result: /usr/bin/mkdir -p
configure:2659: checking for gawk
configure:2675: found /usr/bin/gawk
configure:2686: result: gawk
configure:2697: checking whether make sets $(MAKE)
configure:2719: result: yes
configure:2748: checking whether make supports nested variables
configure:2765: result: yes
configure:2903: checking whether make supports nested variables
configure:2920: result: yes
configure:2980: checking for gcc
configure:2996: found /usr/lib64/ccache/gcc
configure:3007: result: gcc
configure:3236: checking for C compiler version
configure:3245: gcc --version >&5
gcc (GCC) 6.1.1 20160621 (Red Hat 6.1.1-3)
Copyright (C) 2016 Free Software Foundation, Inc.
This is free software; see the source for copying conditions.  There is NO
warranty; not even for MERCHANTABILITY or FITNESS FOR A PARTICULAR PURPOSE.

configure:3256: $? = 0
configure:3245: gcc -v >&5
Using built-in specs.
COLLECT_GCC=/usr/bin/gcc
COLLECT_LTO_WRAPPER=/usr/libexec/gcc/x86_64-redhat-linux/6.1.1/lto-wrapper
Target: x86_64-redhat-linux
Configured with: ../configure --enable-bootstrap --enable-languages=c,c++,objc,obj-c++,fortran,ada,go,lto --prefix=/usr --mandir=/usr/share/man --infodir=/usr/share/info --with-bugurl=http://bugzilla.redhat.com/bugzilla --enable-shared --enable-threads=posix --enable-checking=release --enable-multilib --with-system-zlib --enable-__cxa_atexit --disable-libunwind-exceptions --enable-gnu-unique-object --enable-linker-build-id --with-linker-hash-style=gnu --enable-plugin --enable-initfini-array --disable-libgcj --with-isl --enable-libmpx --enable-gnu-indirect-function --with-tune=generic --with-arch_32=i686 --build=x86_64-redhat-linux
Thread model: posix
gcc version 6.1.1 20160621 (Red Hat 6.1.1-3) (GCC) 
configure:3256: $? = 0
configure:3245: gcc -V >&5
gcc: error: unrecognized command line option '-V'
gcc: fatal error: no input files
compilation terminated.
configure:3256: $? = 1
configure:3245: gcc -qversion >&5
gcc: error: unrecognized command line option '-qversion'; did you mean '--version'?
gcc: fatal error: no input files
compilation terminated.
configure:3256: $? = 1
configure:3276: checking whether the C compiler works
configure:3298: gcc -g -O0   conftest.c  >&5
configure:3302: $? = 0
configure:3350: result: yes
configure:3353: checking for C compiler default output file name
configure:3355: result: a.out
configure:3361: checking for suffix of executables
configure:3368: gcc -o conftest -g -O0   conftest.c  >&5
configure:3372: $? = 0
configure:3394: result: 
configure:3416: checking whether we are cross compiling
configure:3424: gcc -o conftest -g -O0   conftest.c  >&5
configure:3428: $? = 0
configure:3435: ./conftest
configure:3439: $? = 0
configure:3454: result: no
configure:3459: checking for suffix of object files
configure:3481: gcc -c -g -O0  conftest.c >&5
configure:3485: $? = 0
configure:3506: result: o
configure:3510: checking whether we are using the GNU C compiler
configure:3529: gcc -c -g -O0  conftest.c >&5
configure:3529: $? = 0
configure:3538: result: yes
configure:3547: checking whether gcc accepts -g
configure:3567: gcc -c -g  conftest.c >&5
configure:3567: $? = 0
configure:3608: result: yes
configure:3625: checking for gcc option to accept ISO C89
configure:3688: gcc  -c -g -O0  conftest.c >&5
configure:3688: $? = 0
configure:3701: result: none needed
configure:3726: checking whether gcc understands -c and -o together
configure:3748: gcc -c conftest.c -o conftest2.o
configure:3751: $? = 0
configure:3748: gcc -c conftest.c -o conftest2.o
configure:3751: $? = 0
configure:3763: result: yes
configure:3791: checking for style of include used by make
configure:3819: result: GNU
configure:3845: checking dependency style of gcc
configure:3956: result: gcc3
configure:3976: checking whether NLS is requested
configure:3985: result: yes
configure:4003: checking for intltool >= 0.35.0
configure:4005: result: 0.51.0 found
configure:4013: checking for intltool-update
configure:4031: found /usr/bin/intltool-update
configure:4043: result: /usr/bin/intltool-update
configure:4053: checking for intltool-merge
configure:4071: found /usr/bin/intltool-merge
configure:4083: result: /usr/bin/intltool-merge
configure:4093: checking for intltool-extract
configure:4111: found /usr/bin/intltool-extract
configure:4123: result: /usr/bin/intltool-extract
configure:4277: checking for xgettext
configure:4295: found /usr/bin/xgettext
configure:4307: result: /usr/bin/xgettext
configure:4317: checking for msgmerge
configure:4335: found /usr/bin/msgmerge
configure:4347: result: /usr/bin/msgmerge
configure:4357: checking for msgfmt
configure:4375: found /usr/bin/msgfmt
configure:4387: result: /usr/bin/msgfmt
configure:4397: checking for gmsgfmt
configure:4428: result: /usr/bin/msgfmt
configure:4448: checking for perl
configure:4466: found /usr/bin/perl
configure:4478: result: /usr/bin/perl
configure:4489: checking for perl >= 5.8.1
configure:4496: result: 5.22.2
configure:4500: checking for XML::Parser
configure:4503: result: ok
configure:4531: checking how to run the C preprocessor
configure:4562: gcc -E  conftest.c
configure:4562: $? = 0
configure:4576: gcc -E  conftest.c
conftest.c:12:28: fatal error: ac_nonexistent.h: No such file or directory
 #include <ac_nonexistent.h>
                            ^
compilation terminated.
configure:4576: $? = 1
configure: failed program was:
| /* confdefs.h */
| #define PACKAGE_NAME "sereneplayer"
| #define PACKAGE_TARNAME "sereneplayer"
| #define PACKAGE_VERSION "3.20.0"
| #define PACKAGE_STRING "sereneplayer 3.20.0"
| #define PACKAGE_BUGREPORT ""
| #define PACKAGE_URL ""
| #define PACKAGE "sereneplayer"
| #define VERSION "3.20.0"
| #define GETTEXT_PACKAGE "sereneplayer"
| /* end confdefs.h.  */
| #include <ac_nonexistent.h>
configure:4601: result: gcc -E
configure:4621: gcc -E  conftest.c
configure:4621: $? = 0
configure:4635: gcc -E  conftest.c
conftest.c:12:28: fatal error: ac_nonexistent.h: No such file or directory
 #include <ac_nonexistent.h>
                            ^
compilation terminated.
configure:4635: $? = 1
configure: failed program was:
| /* confdefs.h */
| #define PACKAGE_NAME "sereneplayer"
| #define PACKAGE_TARNAME "sereneplayer"
| #define PACKAGE_VERSION "3.20.0"
| #define PACKAGE_STRING "sereneplayer 3.20.0"
| #define PACKAGE_BUGREPORT ""
| #define PACKAGE_URL ""
| #define PACKAGE "sereneplayer"
| #define VERSION "3.20.0"
| #define GETTEXT_PACKAGE "sereneplayer"
| /* end confdefs.h.  */
| #include <ac_nonexistent.h>
configure:4664: checking for grep that handles long lines and -e
configure:4722: result: /usr/bin/grep
configure:4727: checking for egrep
configure:4789: result: /usr/bin/grep -E
configure:4794: checking for ANSI C header files
configure:4814: gcc -c -g -O0  conftest.c >&5
configure:4814: $? = 0
configure:4887: gcc -o conftest -g -O0   conftest.c  >&5
configure:4887: $? = 0
configure:4887: ./conftest
configure:4887: $? = 0
configure:4898: result: yes
configure:4911: checking for sys/types.h
configure:4911: gcc -c -g -O0  conftest.c >&5
configure:4911: $? = 0
configure:4911: result: yes
configure:4911: checking for sys/stat.h
configure:4911: gcc -c -g -O0  conftest.c >&5
configure:4911: $? = 0
configure:4911: result: yes
configure:4911: checking for stdlib.h
configure:4911: gcc -c -g -O0  conftest.c >&5
configure:4911: $? = 0
configure:4911: result: yes
configure:4911: checking for string.h
configure:4911: gcc -c -g -O0  conftest.c >&5
configure:4911: $? = 0
configure:4911: result: yes
configure:4911: checking for memory.h
configure:4911: gcc -c -g -O0  conftest.c >&5
configure:4911: $? = 0
configure:4911: result: yes
configure:4911: checking for strings.h
configure:4911: gcc -c -g -O0  conftest.c >&5
configure:4911: $? = 0
configure:4911: result: yes
configure:4911: checking for inttypes.h
configure:4911: gcc -c -g -O0  conftest.c >&5
configure:4911: $? = 0
configure:4911: result: yes
configure:4911: checking for stdint.h
configure:4911: gcc -c -g -O0  conftest.c >&5
configure:4911: $? = 0
configure:4911: result: yes
configure:4911: checking for unistd.h
configure:4911: gcc -c -g -O0  conftest.c >&5
configure:4911: $? = 0
configure:4911: result: yes
configure:4926: checking locale.h usability
configure:4926: gcc -c -g -O0  conftest.c >&5
configure:4926: $? = 0
configure:4926: result: yes
configure:4926: checking locale.h presence
configure:4926: gcc -E  conftest.c
configure:4926: $? = 0
configure:4926: result: yes
configure:4926: checking for locale.h
configure:4926: result: yes
configure:4937: checking for LC_MESSAGES
configure:4953: gcc -o conftest -g -O0   conftest.c  >&5
configure:4953: $? = 0
configure:4961: result: yes
configure:4978: checking libintl.h usability
configure:4978: gcc -c -g -O0  conftest.c >&5
configure:4978: $? = 0
configure:4978: result: yes
configure:4978: checking libintl.h presence
configure:4978: gcc -E  conftest.c
configure:4978: $? = 0
configure:4978: result: yes
configure:4978: checking for libintl.h
configure:4978: result: yes
configure:4986: checking for ngettext in libc
configure:5004: gcc -o conftest -g -O0   conftest.c  >&5
configure:5004: $? = 0
configure:5013: result: yes
configure:5017: checking for dgettext in libc
configure:5035: gcc -o conftest -g -O0   conftest.c  >&5
configure:5035: $? = 0
configure:5044: result: yes
configure:5051: checking for bind_textdomain_codeset
configure:5051: gcc -o conftest -g -O0   conftest.c  >&5
configure:5051: $? = 0
configure:5051: result: yes
configure:5327: checking for msgfmt
configure:5354: result: /usr/bin/msgfmt
configure:5365: checking for dcgettext
configure:5365: gcc -o conftest -g -O0   conftest.c   >&5
conftest.c:49:6: warning: conflicting types for built-in function 'dcgettext'
 char dcgettext ();
      ^~~~~~~~~
configure:5365: $? = 0
configure:5365: result: yes
configure:5375: checking if msgfmt accepts -c
configure:5390: $MSGFMT -c -o /dev/null conftest.foo
conftest.foo:3: warning: header field 'Language' missing in header
configure:5393: $? = 0
configure:5395: result: yes
configure:5405: checking for gmsgfmt
configure:5436: result: /usr/bin/msgfmt
configure:5446: checking for xgettext
configure:5473: result: /usr/bin/xgettext
configure:5492: gcc -o conftest -g -O0   conftest.c   >&5
configure:5492: $? = 0
configure:5638: checking build system type
configure:5652: result: x86_64-unknown-linux-gnu
configure:5672: checking host system type
configure:5685: result: x86_64-unknown-linux-gnu
configure:5784: checking how to print strings
configure:5811: result: printf
configure:5832: checking for a sed that does not truncate output
configure:5896: result: /usr/bin/sed
configure:5914: checking for fgrep
configure:5976: result: /usr/bin/grep -F
configure:6011: checking for ld used by gcc
configure:6078: result: /usr/bin/ld
configure:6085: checking if the linker (/usr/bin/ld) is GNU ld
configure:6100: result: yes
configure:6112: checking for BSD- or MS-compatible name lister (nm)
configure:6166: result: /usr/bin/nm -B
configure:6296: checking the name lister (/usr/bin/nm -B) interface
configure:6303: gcc -c -g -O0  conftest.c >&5
configure:6306: /usr/bin/nm -B "conftest.o"
configure:6309: output
0000000000000000 B some_variable
configure:6316: result: BSD nm
configure:6319: checking whether ln -s works
configure:6323: result: yes
configure:6331: checking the maximum length of command line arguments
configure:6462: result: 1572864
configure:6510: checking how to convert x86_64-unknown-linux-gnu file names to x86_64-unknown-linux-gnu format
configure:6550: result: func_convert_file_noop
configure:6557: checking how to convert x86_64-unknown-linux-gnu file names to toolchain format
configure:6577: result: func_convert_file_noop
configure:6584: checking for /usr/bin/ld option to reload object files
configure:6591: result: -r
configure:6665: checking for objdump
configure:6681: found /usr/bin/objdump
configure:6692: result: objdump
configure:6721: checking how to recognize dependent libraries
configure:6921: result: pass_all
configure:7006: checking for dlltool
configure:7036: result: no
configure:7063: checking how to associate runtime and link libraries
configure:7090: result: printf %s\n
configure:7150: checking for ar
configure:7166: found /usr/bin/ar
configure:7177: result: ar
configure:7214: checking for archiver @FILE support
configure:7231: gcc -c -g -O0  conftest.c >&5
configure:7231: $? = 0
configure:7234: ar cru libconftest.a @conftest.lst >&5
configure:7237: $? = 0
configure:7242: ar cru libconftest.a @conftest.lst >&5
ar: conftest.o: No such file or directory
configure:7245: $? = 1
configure:7257: result: @
configure:7315: checking for strip
configure:7331: found /usr/bin/strip
configure:7342: result: strip
configure:7414: checking for ranlib
configure:7430: found /usr/bin/ranlib
configure:7441: result: ranlib
configure:7543: checking command to parse /usr/bin/nm -B output from gcc object
configure:7696: gcc -c -g -O0  conftest.c >&5
configure:7699: $? = 0
configure:7703: /usr/bin/nm -B conftest.o \| sed -n -e 's/^.*[ ]\([ABCDGIRSTW][ABCDGIRSTW]*\)[ ][ ]*\([_A-Za-z][_A-Za-z0-9]*\)$/\1 \2 \2/p' | sed '/ __gnu_lto/d' \> conftest.nm
configure:7706: $? = 0
configure:7772: gcc -o conftest -g -O0   conftest.c conftstm.o >&5
configure:7775: $? = 0
configure:7813: result: ok
configure:7860: checking for sysroot
configure:7890: result: no
configure:7897: checking for a working dd
configure:7935: result: /usr/bin/dd
configure:7939: checking how to truncate binary pipes
configure:7954: result: /usr/bin/dd bs=4096 count=1
configure:8090: gcc -c -g -O0  conftest.c >&5
configure:8093: $? = 0
configure:8283: checking for mt
configure:8313: result: no
configure:8333: checking if : is a manifest tool
configure:8339: : '-?'
configure:8347: result: no
configure:9021: checking for dlfcn.h
configure:9021: gcc -c -g -O0  conftest.c >&5
configure:9021: $? = 0
configure:9021: result: yes
configure:9575: checking for objdir
configure:9590: result: .libs
configure:9850: checking if gcc supports -fno-rtti -fno-exceptions
configure:9868: gcc -c -g -O0  -fno-rtti -fno-exceptions conftest.c >&5
cc1: warning: command line option '-fno-rtti' is valid for C++/ObjC++ but not for C
cc1: warning: command line option '-fno-rtti' is valid for C++/ObjC++ but not for C
configure:9872: $? = 0
configure:9885: result: no
configure:10243: checking for gcc option to produce PIC
configure:10250: result: -fPIC -DPIC
configure:10258: checking if gcc PIC flag -fPIC -DPIC works
configure:10276: gcc -c -g -O0  -fPIC -DPIC -DPIC conftest.c >&5
configure:10280: $? = 0
configure:10293: result: yes
configure:10322: checking if gcc static flag -static works
configure:10350: result: yes
configure:10365: checking if gcc supports -c -o file.o
configure:10386: gcc -c -g -O0  -o out/conftest2.o conftest.c >&5
configure:10390: $? = 0
configure:10412: result: yes
configure:10420: checking if gcc supports -c -o file.o
configure:10467: result: yes
configure:10500: checking whether the gcc linker (/usr/bin/ld -m elf_x86_64) supports shared libraries
configure:11759: result: yes
configure:11796: checking whether -lc should be explicitly linked in
configure:11804: gcc -c -g -O0  conftest.c >&5
configure:11807: $? = 0
configure:11822: gcc -shared  -fPIC -DPIC conftest.o  -v -Wl,-soname -Wl,conftest -o conftest 2\>\&1 \| /usr/bin/grep  -lc  \>/dev/null 2\>\&1
configure:11825: $? = 0
configure:11839: result: no
configure:11999: checking dynamic linker characteristics
configure:12580: gcc -o conftest -g -O0   -Wl,-rpath -Wl,/foo conftest.c  >&5
configure:12580: $? = 0
configure:12820: result: GNU/Linux ld.so
configure:12942: checking how to hardcode library paths into programs
configure:12967: result: immediate
configure:13515: checking whether stripping libraries is possible
configure:13520: result: yes
configure:13555: checking if libtool supports shared libraries
configure:13557: result: yes
configure:13560: checking whether to build shared libraries
configure:13585: result: yes
configure:13588: checking whether to build static libraries
configure:13592: result: yes
configure:13685: checking for pkg-config
configure:13703: found /usr/bin/pkg-config
configure:13715: result: /usr/bin/pkg-config
configure:13740: checking pkg-config is at least version 0.9.0
configure:13743: result: yes
configure:13753: checking for SERENEPLAYER
configure:13760: $PKG_CONFIG --exists --print-errors "gtk+-3.0 >= 2.90.3 "
configure:13763: $? = 0
configure:13777: $PKG_CONFIG --exists --print-errors "gtk+-3.0 >= 2.90.3 "
configure:13780: $? = 0
configure:13838: result: yes
configure:13957: checking that generated files are newer than configure
configure:13963: result: done
configure:13998: creating ./config.status

## ---------------------- ##
## Running config.status. ##
## ---------------------- ##

This file was extended by sereneplayer config.status 3.20.0, which was
generated by GNU Autoconf 2.69.  Invocation command line was

  CONFIG_FILES    = 
  CONFIG_HEADERS  = 
  CONFIG_LINKS    = 
  CONFIG_COMMANDS = 
  $ ./config.status 

on JunglePC

config.status:1176: creating Makefile
config.status:1176: creating src/Makefile
config.status:1176: creating po/Makefile.in
config.status:1176: creating config.h
config.status:1405: executing depfiles commands
config.status:1405: executing default-1 commands
config.status:1405: executing libtool commands
config.status:1405: executing po/stamp-it commands
configure:16170: WARNING: unrecognized options: --enable-maintainer-mode

## ---------------- ##
## Cache variables. ##
## ---------------- ##

ac_cv_build=x86_64-unknown-linux-gnu
ac_cv_c_compiler_gnu=yes
ac_cv_env_CC_set=
ac_cv_env_CC_value=
ac_cv_env_CFLAGS_set=set
ac_cv_env_CFLAGS_value='-g -O0'
ac_cv_env_CPPFLAGS_set=
ac_cv_env_CPPFLAGS_value=
ac_cv_env_CPP_set=
ac_cv_env_CPP_value=
ac_cv_env_LDFLAGS_set=
ac_cv_env_LDFLAGS_value=
ac_cv_env_LIBS_set=
ac_cv_env_LIBS_value=
ac_cv_env_LT_SYS_LIBRARY_PATH_set=
ac_cv_env_LT_SYS_LIBRARY_PATH_value=
ac_cv_env_PKG_CONFIG_LIBDIR_set=
ac_cv_env_PKG_CONFIG_LIBDIR_value=
ac_cv_env_PKG_CONFIG_PATH_set=
ac_cv_env_PKG_CONFIG_PATH_value=
ac_cv_env_PKG_CONFIG_set=
ac_cv_env_PKG_CONFIG_value=
ac_cv_env_SERENEPLAYER_CFLAGS_set=
ac_cv_env_SERENEPLAYER_CFLAGS_value=
ac_cv_env_SERENEPLAYER_LIBS_set=
ac_cv_env_SERENEPLAYER_LIBS_value=
ac_cv_env_build_alias_set=
ac_cv_env_build_alias_value=
ac_cv_env_host_alias_set=
ac_cv_env_host_alias_value=
ac_cv_env_target_alias_set=
ac_cv_env_target_alias_value=
ac_cv_func_bind_textdomain_codeset=yes
ac_cv_func_dcgettext=yes
ac_cv_header_dlfcn_h=yes
ac_cv_header_inttypes_h=yes
ac_cv_header_libintl_h=yes
ac_cv_header_locale_h=yes
ac_cv_header_memory_h=yes
ac_cv_header_stdc=yes
ac_cv_header_stdint_h=yes
ac_cv_header_stdlib_h=yes
ac_cv_header_string_h=yes
ac_cv_header_strings_h=yes
ac_cv_header_sys_stat_h=yes
ac_cv_header_sys_types_h=yes
ac_cv_header_unistd_h=yes
ac_cv_host=x86_64-unknown-linux-gnu
ac_cv_objext=o
ac_cv_path_EGREP='/usr/bin/grep -E'
ac_cv_path_FGREP='/usr/bin/grep -F'
ac_cv_path_GMSGFMT=/usr/bin/msgfmt
ac_cv_path_GREP=/usr/bin/grep
ac_cv_path_INTLTOOL_EXTRACT=/usr/bin/intltool-extract
ac_cv_path_INTLTOOL_MERGE=/usr/bin/intltool-merge
ac_cv_path_INTLTOOL_PERL=/usr/bin/perl
ac_cv_path_INTLTOOL_UPDATE=/usr/bin/intltool-update
ac_cv_path_MSGFMT=/usr/bin/msgfmt
ac_cv_path_MSGMERGE=/usr/bin/msgmerge
ac_cv_path_SED=/usr/bin/sed
ac_cv_path_XGETTEXT=/usr/bin/xgettext
ac_cv_path_ac_pt_PKG_CONFIG=/usr/bin/pkg-config
ac_cv_path_install='/usr/bin/install -c'
ac_cv_path_lt_DD=/usr/bin/dd
ac_cv_path_mkdir=/usr/bin/mkdir
ac_cv_prog_AWK=gawk
ac_cv_prog_CPP='gcc -E'
ac_cv_prog_ac_ct_AR=ar
ac_cv_prog_ac_ct_CC=gcc
ac_cv_prog_ac_ct_OBJDUMP=objdump
ac_cv_prog_ac_ct_RANLIB=ranlib
ac_cv_prog_ac_ct_STRIP=strip
ac_cv_prog_cc_c89=
ac_cv_prog_cc_g=yes
ac_cv_prog_make_make_set=yes
am_cv_CC_dependencies_compiler_type=gcc3
am_cv_make_support_nested_variables=yes
am_cv_prog_cc_c_o=yes
am_cv_val_LC_MESSAGES=yes
gt_cv_func_dgettext_libc=yes
gt_cv_func_dgettext_libintl=no
gt_cv_func_ngettext_libc=yes
gt_cv_have_gettext=yes
lt_cv_ar_at_file=@
lt_cv_archive_cmds_need_lc=no
lt_cv_deplibs_check_method=pass_all
lt_cv_file_magic_cmd='$MAGIC_CMD'
lt_cv_file_magic_test_file=
lt_cv_ld_reload_flag=-r
lt_cv_nm_interface='BSD nm'
lt_cv_objdir=.libs
lt_cv_path_LD=/usr/bin/ld
lt_cv_path_NM='/usr/bin/nm -B'
lt_cv_path_mainfest_tool=no
lt_cv_prog_compiler_c_o=yes
lt_cv_prog_compiler_pic='-fPIC -DPIC'
lt_cv_prog_compiler_pic_works=yes
lt_cv_prog_compiler_rtti_exceptions=no
lt_cv_prog_compiler_static_works=yes
lt_cv_prog_gnu_ld=yes
lt_cv_sharedlib_from_linklib_cmd='printf %s\n'
lt_cv_shlibpath_overrides_runpath=no
lt_cv_sys_global_symbol_pipe='sed -n -e '\''s/^.*[	 ]\([ABCDGIRSTW][ABCDGIRSTW]*\)[	 ][	 ]*\([_A-Za-z][_A-Za-z0-9]*\)$/\1 \2 \2/p'\'' | sed '\''/ __gnu_lto/d'\'''
lt_cv_sys_global_symbol_to_c_name_address='sed -n -e '\''s/^: \(.*\) .*$/  {"\1", (void *) 0},/p'\'' -e '\''s/^[ABCDGIRSTW][ABCDGIRSTW]* .* \(.*\)$/  {"\1", (void *) \&\1},/p'\'''
lt_cv_sys_global_symbol_to_c_name_address_lib_prefix='sed -n -e '\''s/^: \(.*\) .*$/  {"\1", (void *) 0},/p'\'' -e '\''s/^[ABCDGIRSTW][ABCDGIRSTW]* .* \(lib.*\)$/  {"\1", (void *) \&\1},/p'\'' -e '\''s/^[ABCDGIRSTW][ABCDGIRSTW]* .* \(.*\)$/  {"lib\1", (void *) \&\1},/p'\'''
lt_cv_sys_global_symbol_to_cdecl='sed -n -e '\''s/^T .* \(.*\)$/extern int \1();/p'\'' -e '\''s/^[ABCDGIRSTW][ABCDGIRSTW]* .* \(.*\)$/extern char \1;/p'\'''
lt_cv_sys_global_symbol_to_import=
lt_cv_sys_max_cmd_len=1572864
lt_cv_to_host_file_cmd=func_convert_file_noop
lt_cv_to_tool_file_cmd=func_convert_file_noop
lt_cv_truncate_bin='/usr/bin/dd bs=4096 count=1'
pkg_cv_SERENEPLAYER_CFLAGS='-pthread -I/usr/include/gtk-3.0 -I/usr/include/at-spi2-atk/2.0 -I/usr/include/at-spi-2.0 -I/usr/include/dbus-1.0 -I/usr/lib64/dbus-1.0/include -I/usr/include/gtk-3.0 -I/usr/include/gio-unix-2.0/ -I/usr/include/cairo -I/usr/include/pango-1.0 -I/usr/include/harfbuzz -I/usr/include/pango-1.0 -I/usr/include/atk-1.0 -I/usr/include/cairo -I/usr/include/pixman-1 -I/usr/include/freetype2 -I/usr/include/libpng16 -I/usr/include/freetype2 -I/usr/include/libdrm -I/usr/include/libpng16 -I/usr/include/gdk-pixbuf-2.0 -I/usr/include/libpng16 -I/usr/include/glib-2.0 -I/usr/lib64/glib-2.0/include'
pkg_cv_SERENEPLAYER_LIBS='-lgtk-3 -lgdk-3 -lpangocairo-1.0 -lpango-1.0 -latk-1.0 -lcairo-gobject -lcairo -lgdk_pixbuf-2.0 -lgio-2.0 -lgobject-2.0 -lglib-2.0'

## ----------------- ##
## Output variables. ##
## ----------------- ##

ACLOCAL='${SHELL} /home/caesarhao/rpmbuild/SOURCES/sereneplayer/missing aclocal-1.15'
ALL_LINGUAS=''
AMDEPBACKSLASH='\'
AMDEP_FALSE='#'
AMDEP_TRUE=''
AMTAR='$${TAR-tar}'
AM_BACKSLASH='\'
AM_DEFAULT_V='$(AM_DEFAULT_VERBOSITY)'
AM_DEFAULT_VERBOSITY='0'
AM_V='$(V)'
AR='ar'
AS='as'
AUTOCONF='${SHELL} /home/caesarhao/rpmbuild/SOURCES/sereneplayer/missing autoconf'
AUTOHEADER='${SHELL} /home/caesarhao/rpmbuild/SOURCES/sereneplayer/missing autoheader'
AUTOMAKE='${SHELL} /home/caesarhao/rpmbuild/SOURCES/sereneplayer/missing automake-1.15'
AWK='gawk'
CATALOGS=''
CATOBJEXT='.gmo'
CC='gcc'
CCDEPMODE='depmode=gcc3'
CFLAGS='-g -O0'
CPP='gcc -E'
CPPFLAGS=''
CYGPATH_W='echo'
DATADIRNAME='share'
DEFS='-DHAVE_CONFIG_H'
DEPDIR='.deps'
DLLTOOL='false'
DSYMUTIL=''
DUMPBIN=''
ECHO_C=''
ECHO_N='-n'
ECHO_T=''
EGREP='/usr/bin/grep -E'
EXEEXT=''
FGREP='/usr/bin/grep -F'
GETTEXT_PACKAGE='sereneplayer'
GMOFILES=''
GMSGFMT='/usr/bin/msgfmt'
GREP='/usr/bin/grep'
INSTALL_DATA='${INSTALL} -m 644'
INSTALL_PROGRAM='${INSTALL}'
INSTALL_SCRIPT='${INSTALL}'
INSTALL_STRIP_PROGRAM='$(install_sh) -c -s'
INSTOBJEXT='.mo'
INTLLIBS=''
INTLTOOL_CAVES_RULE='%.caves:     %.caves.in     $(INTLTOOL_MERGE) $(wildcard $(top_srcdir)/po/*.po) ; $(INTLTOOL_V_MERGE)LC_ALL=C $(INTLTOOL_MERGE) $(INTLTOOL_V_MERGE_OPTIONS) -d -u -c $(top_builddir)/po/.intltool-merge-cache $(top_srcdir)/po $< $@'
INTLTOOL_DESKTOP_RULE='%.desktop:   %.desktop.in   $(INTLTOOL_MERGE) $(wildcard $(top_srcdir)/po/*.po) ; $(INTLTOOL_V_MERGE)LC_ALL=C $(INTLTOOL_MERGE) $(INTLTOOL_V_MERGE_OPTIONS) -d -u -c $(top_builddir)/po/.intltool-merge-cache $(top_srcdir)/po $< $@'
INTLTOOL_DIRECTORY_RULE='%.directory: %.directory.in $(INTLTOOL_MERGE) $(wildcard $(top_srcdir)/po/*.po) ; $(INTLTOOL_V_MERGE)LC_ALL=C $(INTLTOOL_MERGE) $(INTLTOOL_V_MERGE_OPTIONS) -d -u -c $(top_builddir)/po/.intltool-merge-cache $(top_srcdir)/po $< $@'
INTLTOOL_EXTRACT='/usr/bin/intltool-extract'
INTLTOOL_KBD_RULE='%.kbd:       %.kbd.in       $(INTLTOOL_MERGE) $(wildcard $(top_srcdir)/po/*.po) ; $(INTLTOOL_V_MERGE)LC_ALL=C $(INTLTOOL_MERGE) $(INTLTOOL_V_MERGE_OPTIONS) -x -u -m -c $(top_builddir)/po/.intltool-merge-cache $(top_srcdir)/po $< $@'
INTLTOOL_KEYS_RULE='%.keys:      %.keys.in      $(INTLTOOL_MERGE) $(wildcard $(top_srcdir)/po/*.po) ; $(INTLTOOL_V_MERGE)LC_ALL=C $(INTLTOOL_MERGE) $(INTLTOOL_V_MERGE_OPTIONS) -k -u -c $(top_builddir)/po/.intltool-merge-cache $(top_srcdir)/po $< $@'
INTLTOOL_MERGE='/usr/bin/intltool-merge'
INTLTOOL_OAF_RULE='%.oaf:       %.oaf.in       $(INTLTOOL_MERGE) $(wildcard $(top_srcdir)/po/*.po) ; $(INTLTOOL_V_MERGE)LC_ALL=C $(INTLTOOL_MERGE) $(INTLTOOL_V_MERGE_OPTIONS) -o -p $(top_srcdir)/po $< $@'
INTLTOOL_PERL='/usr/bin/perl'
INTLTOOL_POLICY_RULE='%.policy:    %.policy.in    $(INTLTOOL_MERGE) $(wildcard $(top_srcdir)/po/*.po) ; $(INTLTOOL_V_MERGE)LC_ALL=C $(INTLTOOL_MERGE) $(INTLTOOL_V_MERGE_OPTIONS) -x -u -c $(top_builddir)/po/.intltool-merge-cache $(top_srcdir)/po $< $@'
INTLTOOL_PONG_RULE='%.pong:      %.pong.in      $(INTLTOOL_MERGE) $(wildcard $(top_srcdir)/po/*.po) ; $(INTLTOOL_V_MERGE)LC_ALL=C $(INTLTOOL_MERGE) $(INTLTOOL_V_MERGE_OPTIONS) -x -u -c $(top_builddir)/po/.intltool-merge-cache $(top_srcdir)/po $< $@'
INTLTOOL_PROP_RULE='%.prop:      %.prop.in      $(INTLTOOL_MERGE) $(wildcard $(top_srcdir)/po/*.po) ; $(INTLTOOL_V_MERGE)LC_ALL=C $(INTLTOOL_MERGE) $(INTLTOOL_V_MERGE_OPTIONS) -d -u -c $(top_builddir)/po/.intltool-merge-cache $(top_srcdir)/po $< $@'
INTLTOOL_SCHEMAS_RULE='%.schemas:   %.schemas.in   $(INTLTOOL_MERGE) $(wildcard $(top_srcdir)/po/*.po) ; $(INTLTOOL_V_MERGE)LC_ALL=C $(INTLTOOL_MERGE) $(INTLTOOL_V_MERGE_OPTIONS) -s -u -c $(top_builddir)/po/.intltool-merge-cache $(top_srcdir)/po $< $@'
INTLTOOL_SERVER_RULE='%.server:    %.server.in    $(INTLTOOL_MERGE) $(wildcard $(top_srcdir)/po/*.po) ; $(INTLTOOL_V_MERGE)LC_ALL=C $(INTLTOOL_MERGE) $(INTLTOOL_V_MERGE_OPTIONS) -o -u -c $(top_builddir)/po/.intltool-merge-cache $(top_srcdir)/po $< $@'
INTLTOOL_SERVICE_RULE='%.service: %.service.in   $(INTLTOOL_MERGE) $(wildcard $(top_srcdir)/po/*.po) ; $(INTLTOOL_V_MERGE)LC_ALL=C $(INTLTOOL_MERGE) $(INTLTOOL_V_MERGE_OPTIONS) -d -u -c $(top_builddir)/po/.intltool-merge-cache $(top_srcdir)/po $< $@'
INTLTOOL_SHEET_RULE='%.sheet:     %.sheet.in     $(INTLTOOL_MERGE) $(wildcard $(top_srcdir)/po/*.po) ; $(INTLTOOL_V_MERGE)LC_ALL=C $(INTLTOOL_MERGE) $(INTLTOOL_V_MERGE_OPTIONS) -x -u -c $(top_builddir)/po/.intltool-merge-cache $(top_srcdir)/po $< $@'
INTLTOOL_SOUNDLIST_RULE='%.soundlist: %.soundlist.in $(INTLTOOL_MERGE) $(wildcard $(top_srcdir)/po/*.po) ; $(INTLTOOL_V_MERGE)LC_ALL=C $(INTLTOOL_MERGE) $(INTLTOOL_V_MERGE_OPTIONS) -d -u -c $(top_builddir)/po/.intltool-merge-cache $(top_srcdir)/po $< $@'
INTLTOOL_THEME_RULE='%.theme:     %.theme.in     $(INTLTOOL_MERGE) $(wildcard $(top_srcdir)/po/*.po) ; $(INTLTOOL_V_MERGE)LC_ALL=C $(INTLTOOL_MERGE) $(INTLTOOL_V_MERGE_OPTIONS) -d -u -c $(top_builddir)/po/.intltool-merge-cache $(top_srcdir)/po $< $@'
INTLTOOL_UI_RULE='%.ui:        %.ui.in        $(INTLTOOL_MERGE) $(wildcard $(top_srcdir)/po/*.po) ; $(INTLTOOL_V_MERGE)LC_ALL=C $(INTLTOOL_MERGE) $(INTLTOOL_V_MERGE_OPTIONS) -x -u -c $(top_builddir)/po/.intltool-merge-cache $(top_srcdir)/po $< $@'
INTLTOOL_UPDATE='/usr/bin/intltool-update'
INTLTOOL_V_MERGE='$(INTLTOOL__v_MERGE_$(V))'
INTLTOOL_V_MERGE_OPTIONS='$(intltool__v_merge_options_$(V))'
INTLTOOL_XAM_RULE='%.xam:       %.xml.in       $(INTLTOOL_MERGE) $(wildcard $(top_srcdir)/po/*.po) ; $(INTLTOOL_V_MERGE)LC_ALL=C $(INTLTOOL_MERGE) $(INTLTOOL_V_MERGE_OPTIONS) -x -u -c $(top_builddir)/po/.intltool-merge-cache $(top_srcdir)/po $< $@'
INTLTOOL_XML_NOMERGE_RULE='%.xml:       %.xml.in       $(INTLTOOL_MERGE) ; $(INTLTOOL_V_MERGE)LC_ALL=C $(INTLTOOL_MERGE) $(INTLTOOL_V_MERGE_OPTIONS) -x -u --no-translations $< $@'
INTLTOOL_XML_RULE='%.xml:       %.xml.in       $(INTLTOOL_MERGE) $(wildcard $(top_srcdir)/po/*.po) ; $(INTLTOOL_V_MERGE)LC_ALL=C $(INTLTOOL_MERGE) $(INTLTOOL_V_MERGE_OPTIONS) -x -u -c $(top_builddir)/po/.intltool-merge-cache $(top_srcdir)/po $< $@'
INTLTOOL__v_MERGE_0='@echo "  ITMRG " $@;'
INTLTOOL__v_MERGE_='$(INTLTOOL__v_MERGE_$(AM_DEFAULT_VERBOSITY))'
LD='/usr/bin/ld -m elf_x86_64'
LDFLAGS=''
LIBOBJS=''
LIBS=''
LIBTOOL='$(SHELL) $(top_builddir)/libtool'
LIPO=''
LN_S='ln -s'
LTLIBOBJS=''
LT_SYS_LIBRARY_PATH=''
MAKEINFO='${SHELL} /home/caesarhao/rpmbuild/SOURCES/sereneplayer/missing makeinfo'
MANIFEST_TOOL=':'
MKDIR_P='/usr/bin/mkdir -p'
MKINSTALLDIRS='./mkinstalldirs'
MSGFMT='/usr/bin/msgfmt'
MSGFMT_OPTS='-c'
MSGMERGE='/usr/bin/msgmerge'
NATIVE_WIN32_FALSE=''
NATIVE_WIN32_TRUE='#'
NM='/usr/bin/nm -B'
NMEDIT=''
OBJDUMP='objdump'
OBJEXT='o'
OTOOL64=''
OTOOL=''
PACKAGE='sereneplayer'
PACKAGE_BUGREPORT=''
PACKAGE_NAME='sereneplayer'
PACKAGE_STRING='sereneplayer 3.20.0'
PACKAGE_TARNAME='sereneplayer'
PACKAGE_URL=''
PACKAGE_VERSION='3.20.0'
PATH_SEPARATOR=':'
PKG_CONFIG='/usr/bin/pkg-config'
PKG_CONFIG_LIBDIR=''
PKG_CONFIG_PATH=''
PLATFORM_WIN32_FALSE=''
PLATFORM_WIN32_TRUE='#'
POFILES=''
POSUB='po'
PO_IN_DATADIR_FALSE=''
PO_IN_DATADIR_TRUE=''
RANLIB='ranlib'
SED='/usr/bin/sed'
SERENEPLAYER_CFLAGS='-pthread -I/usr/include/gtk-3.0 -I/usr/include/at-spi2-atk/2.0 -I/usr/include/at-spi-2.0 -I/usr/include/dbus-1.0 -I/usr/lib64/dbus-1.0/include -I/usr/include/gtk-3.0 -I/usr/include/gio-unix-2.0/ -I/usr/include/cairo -I/usr/include/pango-1.0 -I/usr/include/harfbuzz -I/usr/include/pango-1.0 -I/usr/include/atk-1.0 -I/usr/include/cairo -I/usr/include/pixman-1 -I/usr/include/freetype2 -I/usr/include/libpng16 -I/usr/include/freetype2 -I/usr/include/libdrm -I/usr/include/libpng16 -I/usr/include/gdk-pixbuf-2.0 -I/usr/include/libpng16 -I/usr/include/glib-2.0 -I/usr/lib64/glib-2.0/include'
SERENEPLAYER_LIBS='-lgtk-3 -lgdk-3 -lpangocairo-1.0 -lpango-1.0 -latk-1.0 -lcairo-gobject -lcairo -lgdk_pixbuf-2.0 -lgio-2.0 -lgobject-2.0 -lglib-2.0'
SET_MAKE=''
SHELL='/bin/sh'
STRIP='strip'
USE_NLS='yes'
VERSION='3.20.0'
XGETTEXT='/usr/bin/xgettext'
ac_ct_AR='ar'
ac_ct_CC='gcc'
ac_ct_DUMPBIN=''
am__EXEEXT_FALSE=''
am__EXEEXT_TRUE='#'
am__fastdepCC_FALSE='#'
am__fastdepCC_TRUE=''
am__include='include'
am__isrc=''
am__leading_dot='.'
am__nodep='_no'
am__quote=''
am__tar='$${TAR-tar} chof - "$$tardir"'
am__untar='$${TAR-tar} xf -'
bindir='${exec_prefix}/bin'
build='x86_64-unknown-linux-gnu'
build_alias=''
build_cpu='x86_64'
build_os='linux-gnu'
build_vendor='unknown'
datadir='${datarootdir}'
datarootdir='${prefix}/share'
docdir='${datarootdir}/doc/${PACKAGE_TARNAME}'
dvidir='${docdir}'
exec_prefix='${prefix}'
host='x86_64-unknown-linux-gnu'
host_alias=''
host_cpu='x86_64'
host_os='linux-gnu'
host_vendor='unknown'
htmldir='${docdir}'
includedir='${prefix}/include'
infodir='${datarootdir}/info'
install_sh='${SHELL} /home/caesarhao/rpmbuild/SOURCES/sereneplayer/install-sh'
intltool__v_merge_options_0='-q'
intltool__v_merge_options_='$(intltool__v_merge_options_$(AM_DEFAULT_VERBOSITY))'
libdir='${exec_prefix}/lib'
libexecdir='${exec_prefix}/libexec'
localedir='${datarootdir}/locale'
localstatedir='${prefix}/var'
mandir='${datarootdir}/man'
mkdir_p='$(MKDIR_P)'
oldincludedir='/usr/include'
pdfdir='${docdir}'
prefix='/usr/local'
program_transform_name='s,x,x,'
psdir='${docdir}'
sbindir='${exec_prefix}/sbin'
sharedstatedir='${prefix}/com'
sysconfdir='${prefix}/etc'
target_alias=''

## ----------- ##
## confdefs.h. ##
## ----------- ##

/* confdefs.h */
#define PACKAGE_NAME "sereneplayer"
#define PACKAGE_TARNAME "sereneplayer"
#define PACKAGE_VERSION "3.20.0"
#define PACKAGE_STRING "sereneplayer 3.20.0"
#define PACKAGE_BUGREPORT ""
#define PACKAGE_URL ""
#define PACKAGE "sereneplayer"
#define VERSION "3.20.0"
#define GETTEXT_PACKAGE "sereneplayer"
#define STDC_HEADERS 1
#define HAVE_SYS_TYPES_H 1
#define HAVE_SYS_STAT_H 1
#define HAVE_STDLIB_H 1
#define HAVE_STRING_H 1
#define HAVE_MEMORY_H 1
#define HAVE_STRINGS_H 1
#define HAVE_INTTYPES_H 1
#define HAVE_STDINT_H 1
#define HAVE_UNISTD_H 1
#define HAVE_LOCALE_H 1
#define HAVE_LC_MESSAGES 1
#define HAVE_BIND_TEXTDOMAIN_CODESET 1
#define HAVE_GETTEXT 1
#define HAVE_DCGETTEXT 1
#define ENABLE_NLS 1
#define HAVE_DLFCN_H 1
#define LT_OBJDIR ".libs/"

configure: exit 0
